2023-04-04 22:23:00,821 [1] INFO ParticipantsDBRepository - Creating Participants DB Repo
2023-04-04 22:23:00,829 [1] INFO ParticipantTasksDBRepository - Participant Tasks DB Repository
2023-04-04 22:23:00,830 [1] INFO TaskDBRepository - Creating Task DB Repo
2023-04-04 22:23:00,830 [1] INFO UserDBRepository - Creating User DB Repo
2023-04-04 22:23:02,938 [1] INFO UserDBRepository - checking to see if the requested user exists
2023-04-04 22:23:02,994 [1] INFO UserDBRepository - check if the user exists
2023-04-04 22:23:03,010 [1] INFO UserDBRepository - all users
2023-04-04 22:23:03,010 [1] INFO UserDBRepository - all users
2023-04-04 22:23:03,012 [1] INFO TaskDBRepository - Creating Task DB Repo
2023-04-04 22:23:03,018 [1] INFO TaskDBRepository - all tasks
2023-04-04 22:23:03,028 [1] INFO TaskDBRepository - all tasks
2023-04-04 22:23:03,030 [1] INFO TaskDBRepository - all tasks
2023-04-04 22:23:03,030 [1] INFO TaskDBRepository - all tasks
2023-04-04 22:23:03,030 [1] INFO TaskDBRepository - all tasks
2023-04-04 22:23:04,894 [1] INFO ParticipantsDBRepository - Searching participants with a given age and type of task
2023-04-04 22:23:06,590 [1] INFO ParticipantsDBRepository - Searching participants with a given age and type of task
2023-04-04 22:23:08,334 [1] INFO ParticipantsDBRepository - Searching participants with a given age and type of task
2023-04-04 22:23:10,205 [1] INFO ParticipantsDBRepository - Searching participants with a given age and type of task
2023-04-04 22:23:21,305 [1] INFO ParticipantsDBRepository - Creating Participants DB Repo
2023-04-04 22:23:21,312 [1] INFO ParticipantTasksDBRepository - Participant Tasks DB Repository
2023-04-04 22:23:21,313 [1] INFO TaskDBRepository - Creating Task DB Repo
2023-04-04 22:23:21,313 [1] INFO UserDBRepository - Creating User DB Repo
2023-04-04 22:23:22,629 [1] INFO UserDBRepository - checking to see if the requested user exists
2023-04-04 22:23:22,685 [1] INFO UserDBRepository - check if the user exists
2023-04-04 22:23:22,700 [1] INFO UserDBRepository - all users
2023-04-04 22:23:22,700 [1] INFO UserDBRepository - all users
2023-04-04 22:23:22,702 [1] INFO TaskDBRepository - Creating Task DB Repo
2023-04-04 22:23:22,708 [1] INFO TaskDBRepository - all tasks
2023-04-04 22:23:22,713 [1] INFO TaskDBRepository - all tasks
2023-04-04 22:23:22,715 [1] INFO TaskDBRepository - all tasks
2023-04-04 22:23:22,715 [1] INFO TaskDBRepository - all tasks
2023-04-04 22:23:22,715 [1] INFO TaskDBRepository - all tasks
2023-04-04 22:23:37,861 [1] INFO ParticipantsDBRepository - count(*) participants
2023-04-04 22:23:37,862 [1] INFO ParticipantsDBRepository - count(*) participants
2023-04-04 22:23:37,862 [1] INFO TaskDBRepository - count(*) tasks
2023-04-04 22:23:37,862 [1] INFO TaskDBRepository - count(*) tasks
2023-04-04 22:23:37,862 [1] INFO ParticipantTasksDBRepository - count(*) participantstasks
2023-04-04 22:23:37,863 [1] INFO ParticipantsDBRepository - saving participant contest_csharp.domain.Participant
2023-04-04 22:23:37,868 [1] INFO TaskDBRepository - saving task contest_csharp.domain.Task
2023-04-04 22:23:37,870 [1] INFO TaskDBRepository - saving task contest_csharp.domain.Task
2023-04-04 22:23:37,873 [1] INFO ParticipantTasksDBRepository - saving task contest_csharp.domain.ParticipantTasks
2023-04-04 22:23:37,877 [1] INFO ParticipantsDBRepository - Searching participants with a given age and type of task
2023-04-04 22:23:45,867 [1] INFO UserDBRepository - checking to see if the requested user exists
2023-04-04 22:23:45,867 [1] INFO UserDBRepository - check if the user exists
2023-04-04 22:23:45,868 [1] INFO UserDBRepository - all users
2023-04-04 22:23:45,868 [1] INFO UserDBRepository - all users
2023-04-04 22:23:45,868 [1] INFO TaskDBRepository - Creating Task DB Repo
2023-04-04 22:23:45,870 [1] INFO TaskDBRepository - all tasks
2023-04-04 22:23:45,870 [1] INFO TaskDBRepository - all tasks
2023-04-04 22:23:45,870 [1] INFO TaskDBRepository - all tasks
2023-04-04 22:23:45,870 [1] INFO TaskDBRepository - all tasks
2023-04-04 22:23:45,871 [1] INFO TaskDBRepository - all tasks
2023-04-04 22:25:32,998 [1] INFO ParticipantsDBRepository - Creating Participants DB Repo
2023-04-04 22:25:33,004 [1] INFO ParticipantTasksDBRepository - Participant Tasks DB Repository
2023-04-04 22:25:33,006 [1] INFO TaskDBRepository - Creating Task DB Repo
2023-04-04 22:25:33,006 [1] INFO UserDBRepository - Creating User DB Repo
2023-04-04 22:25:34,425 [1] INFO UserDBRepository - checking to see if the requested user exists
2023-04-04 22:25:34,481 [1] INFO UserDBRepository - check if the user exists
2023-04-04 22:25:34,496 [1] INFO UserDBRepository - all users
2023-04-04 22:25:34,496 [1] INFO UserDBRepository - all users
2023-04-04 22:25:34,498 [1] INFO TaskDBRepository - Creating Task DB Repo
2023-04-04 22:25:34,503 [1] INFO TaskDBRepository - all tasks
2023-04-04 22:25:34,508 [1] INFO TaskDBRepository - all tasks
2023-04-04 22:25:34,510 [1] INFO TaskDBRepository - all tasks
2023-04-04 22:25:34,511 [1] INFO TaskDBRepository - all tasks
2023-04-04 22:25:34,511 [1] INFO TaskDBRepository - all tasks
2023-04-04 22:25:41,378 [1] INFO ParticipantsDBRepository - count(*) participants
2023-04-04 22:25:41,379 [1] INFO ParticipantsDBRepository - count(*) participants
2023-04-04 22:25:41,379 [1] INFO TaskDBRepository - count(*) tasks
2023-04-04 22:25:41,379 [1] INFO TaskDBRepository - count(*) tasks
2023-04-04 22:25:41,379 [1] INFO ParticipantTasksDBRepository - count(*) participantstasks
2023-04-04 22:25:41,380 [1] INFO ParticipantsDBRepository - saving participant contest_csharp.domain.Participant
2023-04-04 22:25:41,388 [1] INFO TaskDBRepository - saving task contest_csharp.domain.Task
2023-04-04 22:25:41,392 [1] INFO TaskDBRepository - saving task contest_csharp.domain.Task
2023-04-04 22:25:41,395 [1] INFO ParticipantTasksDBRepository - saving task contest_csharp.domain.ParticipantTasks
2023-04-04 22:25:41,399 [1] INFO ParticipantsDBRepository - Searching participants with a given age and type of task
2023-04-04 22:26:48,988 [1] INFO ParticipantsDBRepository - Creating Participants DB Repo
2023-04-04 22:26:48,995 [1] INFO ParticipantTasksDBRepository - Participant Tasks DB Repository
2023-04-04 22:26:48,996 [1] INFO TaskDBRepository - Creating Task DB Repo
2023-04-04 22:26:48,996 [1] INFO UserDBRepository - Creating User DB Repo
2023-04-04 22:26:50,457 [1] INFO UserDBRepository - checking to see if the requested user exists
2023-04-04 22:26:50,512 [1] INFO UserDBRepository - check if the user exists
2023-04-04 22:26:50,527 [1] INFO UserDBRepository - all users
2023-04-04 22:26:50,527 [1] INFO UserDBRepository - all users
2023-04-04 22:26:50,528 [1] INFO TaskDBRepository - Creating Task DB Repo
2023-04-04 22:26:50,533 [1] INFO TaskDBRepository - all tasks
2023-04-04 22:26:50,538 [1] INFO TaskDBRepository - all tasks
2023-04-04 22:26:50,540 [1] INFO TaskDBRepository - all tasks
2023-04-04 22:26:50,540 [1] INFO TaskDBRepository - all tasks
2023-04-04 22:26:50,540 [1] INFO TaskDBRepository - all tasks
2023-04-04 22:26:56,538 [1] INFO ParticipantsDBRepository - count(*) participants
2023-04-04 22:26:56,538 [1] INFO ParticipantsDBRepository - count(*) participants
2023-04-04 22:26:56,539 [1] INFO TaskDBRepository - count(*) tasks
2023-04-04 22:26:56,539 [1] INFO TaskDBRepository - count(*) tasks
2023-04-04 22:26:56,539 [1] INFO ParticipantTasksDBRepository - count(*) participantstasks
2023-04-04 22:26:56,540 [1] INFO ParticipantsDBRepository - saving participant contest_csharp.domain.Participant
2023-04-04 22:26:56,548 [1] INFO TaskDBRepository - saving task contest_csharp.domain.Task
2023-04-04 22:26:56,551 [1] INFO TaskDBRepository - saving task contest_csharp.domain.Task
2023-04-04 22:26:56,555 [1] INFO ParticipantTasksDBRepository - saving task contest_csharp.domain.ParticipantTasks
2023-04-04 22:26:56,558 [1] INFO TaskDBRepository - all tasks
2023-04-05 14:05:31,702 [1] INFO ParticipantsDBRepository - Creating Participants DB Repo
2023-04-05 14:05:31,709 [1] INFO ParticipantTasksDBRepository - Participant Tasks DB Repository
2023-04-05 14:05:31,711 [1] INFO TaskDBRepository - Creating Task DB Repo
2023-04-05 14:05:31,711 [1] INFO UserDBRepository - Creating User DB Repo
2023-04-05 14:05:35,850 [1] INFO UserDBRepository - checking to see if the requested user exists
2023-04-05 14:05:36,077 [1] INFO UserDBRepository - check if the user exists
2023-04-05 14:05:36,096 [1] INFO UserDBRepository - all users
2023-04-05 14:05:36,096 [1] INFO UserDBRepository - all users
2023-04-05 14:05:36,098 [1] INFO TaskDBRepository - Creating Task DB Repo
2023-04-05 14:05:36,116 [1] INFO TaskDBRepository - all tasks
2023-04-05 14:05:36,123 [1] INFO TaskDBRepository - all tasks
2023-04-05 14:05:36,125 [1] INFO TaskDBRepository - all tasks
2023-04-05 14:05:36,125 [1] INFO TaskDBRepository - all tasks
2023-04-05 14:05:36,126 [1] INFO TaskDBRepository - all tasks
2023-04-05 14:05:38,773 [1] INFO ParticipantsDBRepository - Searching participants with a given age and type of task
2023-04-05 14:08:35,647 [1] INFO ParticipantsDBRepository - Creating Participants DB Repo
2023-04-05 14:08:35,655 [1] INFO ParticipantTasksDBRepository - Participant Tasks DB Repository
2023-04-05 14:08:35,656 [1] INFO TaskDBRepository - Creating Task DB Repo
2023-04-05 14:08:35,656 [1] INFO UserDBRepository - Creating User DB Repo
2023-04-05 14:08:37,135 [1] INFO UserDBRepository - checking to see if the requested user exists
2023-04-05 14:08:37,190 [1] INFO UserDBRepository - check if the user exists
2023-04-05 14:08:37,204 [1] INFO UserDBRepository - all users
2023-04-05 14:08:37,204 [1] INFO UserDBRepository - all users
2023-04-05 14:08:37,206 [1] INFO TaskDBRepository - Creating Task DB Repo
2023-04-05 14:08:37,211 [1] INFO TaskDBRepository - all tasks
2023-04-05 14:08:37,216 [1] INFO TaskDBRepository - all tasks
2023-04-05 14:08:37,218 [1] INFO TaskDBRepository - all tasks
2023-04-05 14:08:37,218 [1] INFO TaskDBRepository - all tasks
2023-04-05 14:08:37,219 [1] INFO TaskDBRepository - all tasks
2023-04-05 14:08:41,037 [1] INFO ParticipantsDBRepository - Searching participants with a given age and type of task
2023-04-05 14:15:44,446 [1] INFO ParticipantsDBRepository - Creating Participants DB Repo
2023-04-05 14:15:44,455 [1] INFO ParticipantTasksDBRepository - Participant Tasks DB Repository
2023-04-05 14:15:44,457 [1] INFO TaskDBRepository - Creating Task DB Repo
2023-04-05 14:15:44,458 [1] INFO UserDBRepository - Creating User DB Repo
2023-04-05 14:15:46,745 [1] INFO UserDBRepository - checking to see if the requested user exists
2023-04-05 14:15:46,800 [1] INFO UserDBRepository - check if the user exists
2023-04-05 14:15:46,814 [1] INFO UserDBRepository - all users
2023-04-05 14:15:46,814 [1] INFO UserDBRepository - all users
2023-04-05 14:15:46,815 [1] INFO TaskDBRepository - Creating Task DB Repo
2023-04-05 14:15:46,820 [1] INFO TaskDBRepository - all tasks
2023-04-05 14:15:46,826 [1] INFO TaskDBRepository - all tasks
2023-04-05 14:15:46,828 [1] INFO TaskDBRepository - all tasks
2023-04-05 14:15:46,828 [1] INFO TaskDBRepository - all tasks
2023-04-05 14:15:46,828 [1] INFO TaskDBRepository - all tasks
2023-04-05 14:15:49,996 [1] INFO ParticipantsDBRepository - Searching participants with a given age and type of task
2023-04-05 14:15:53,055 [1] INFO ParticipantsDBRepository - Searching participants with a given age and type of task
2023-04-05 14:15:54,715 [1] INFO ParticipantsDBRepository - Searching participants with a given age and type of task
2023-04-05 14:15:56,246 [1] INFO ParticipantsDBRepository - Searching participants with a given age and type of task
2023-04-05 14:16:05,718 [1] INFO ParticipantsDBRepository - count(*) participants
2023-04-05 14:16:05,719 [1] INFO ParticipantsDBRepository - count(*) participants
2023-04-05 14:16:05,719 [1] INFO TaskDBRepository - count(*) tasks
2023-04-05 14:16:05,719 [1] INFO TaskDBRepository - count(*) tasks
2023-04-05 14:16:05,719 [1] INFO ParticipantTasksDBRepository - count(*) participantstasks
2023-04-05 14:16:05,720 [1] INFO ParticipantsDBRepository - saving participant contest_csharp.domain.Participant
2023-04-05 14:16:05,725 [1] INFO TaskDBRepository - saving task contest_csharp.domain.Task
2023-04-05 14:16:05,728 [1] INFO TaskDBRepository - saving task contest_csharp.domain.Task
2023-04-05 14:16:05,731 [1] INFO ParticipantTasksDBRepository - saving task contest_csharp.domain.ParticipantTasks
2023-04-05 14:16:05,735 [1] INFO TaskDBRepository - all tasks
2023-04-05 14:16:09,695 [1] INFO ParticipantsDBRepository - Searching participants with a given age and type of task
2023-04-05 14:55:07,170 [1] INFO ParticipantsDBRepository - Creating Participants DB Repo
2023-04-05 14:55:07,177 [1] INFO ParticipantTasksDBRepository - Participant Tasks DB Repository
2023-04-05 14:55:07,179 [1] INFO TaskDBRepository - Creating Task DB Repo
2023-04-05 14:55:07,179 [1] INFO UserDBRepository - Creating User DB Repo
2023-04-05 14:55:08,784 [1] INFO UserDBRepository - checking to see if the requested user exists
2023-04-05 14:55:08,839 [1] INFO UserDBRepository - check if the user exists
2023-04-05 14:55:08,854 [1] INFO UserDBRepository - all users
2023-04-05 14:55:08,854 [1] INFO UserDBRepository - all users
2023-04-05 14:55:08,856 [1] INFO TaskDBRepository - Creating Task DB Repo
2023-04-05 14:55:08,860 [1] INFO TaskDBRepository - all tasks
2023-04-05 14:55:08,865 [1] INFO TaskDBRepository - all tasks
2023-04-05 14:55:08,866 [1] INFO TaskDBRepository - all tasks
2023-04-05 14:55:08,866 [1] INFO TaskDBRepository - all tasks
2023-04-05 14:55:08,867 [1] INFO TaskDBRepository - all tasks
2023-04-05 14:55:12,343 [1] INFO ParticipantsDBRepository - Searching participants with a given age and type of task
2023-04-05 14:55:19,383 [1] INFO ParticipantsDBRepository - count(*) participants
2023-04-05 14:55:19,383 [1] INFO ParticipantsDBRepository - count(*) participants
2023-04-05 14:55:19,383 [1] INFO TaskDBRepository - count(*) tasks
2023-04-05 14:55:19,383 [1] INFO TaskDBRepository - count(*) tasks
2023-04-05 14:55:19,384 [1] INFO ParticipantTasksDBRepository - count(*) participantstasks
2023-04-05 14:55:19,385 [1] INFO ParticipantsDBRepository - saving participant contest_csharp.domain.Participant
2023-04-05 14:55:19,389 [1] INFO TaskDBRepository - saving task contest_csharp.domain.Task
2023-04-05 14:55:19,393 [1] INFO TaskDBRepository - saving task contest_csharp.domain.Task
2023-04-05 14:55:19,396 [1] INFO ParticipantTasksDBRepository - saving task contest_csharp.domain.ParticipantTasks
2023-04-05 14:55:19,400 [1] INFO TaskDBRepository - all tasks
2023-04-05 15:27:25,321 [1] INFO ParticipantsDBRepository - Creating Participants DB Repo
2023-04-05 15:27:25,337 [1] INFO ParticipantTasksDBRepository - Participant Tasks DB Repository
2023-04-05 15:27:25,339 [1] INFO TaskDBRepository - Creating Task DB Repo
2023-04-05 15:27:25,340 [1] INFO UserDBRepository - Creating User DB Repo
2023-04-05 15:27:30,003 [1] INFO UserDBRepository - checking to see if the requested user exists
2023-04-05 15:27:30,324 [1] INFO UserDBRepository - check if the user exists
2023-04-05 15:27:30,339 [1] INFO UserDBRepository - all users
2023-04-05 15:27:30,339 [1] INFO UserDBRepository - all users
2023-04-05 15:27:30,341 [1] INFO TaskDBRepository - Creating Task DB Repo
2023-04-05 15:27:30,356 [1] INFO TaskDBRepository - all tasks
2023-04-05 15:27:30,365 [1] INFO TaskDBRepository - all tasks
2023-04-05 15:27:30,367 [1] INFO TaskDBRepository - all tasks
2023-04-05 15:27:30,367 [1] INFO TaskDBRepository - all tasks
2023-04-05 15:27:30,368 [1] INFO TaskDBRepository - all tasks
2023-04-05 15:27:32,857 [1] INFO ParticipantsDBRepository - Searching participants with a given age and type of task
2023-04-05 15:27:37,080 [1] INFO ParticipantsDBRepository - Searching participants with a given age and type of task
2023-04-05 15:27:40,879 [1] INFO ParticipantsDBRepository - Searching participants with a given age and type of task
2023-04-05 15:27:45,004 [1] INFO ParticipantsDBRepository - Searching participants with a given age and type of task
2023-04-05 15:29:17,353 [1] INFO ParticipantsDBRepository - Creating Participants DB Repo
2023-04-05 15:29:17,364 [1] INFO ParticipantTasksDBRepository - Participant Tasks DB Repository
2023-04-05 15:29:17,366 [1] INFO TaskDBRepository - Creating Task DB Repo
2023-04-05 15:29:17,367 [1] INFO UserDBRepository - Creating User DB Repo
2023-04-05 15:29:22,164 [1] INFO UserDBRepository - checking to see if the requested user exists
2023-04-05 15:29:22,249 [1] INFO UserDBRepository - check if the user exists
2023-04-05 15:29:22,269 [1] INFO UserDBRepository - all users
2023-04-05 15:29:22,269 [1] INFO UserDBRepository - all users
2023-04-05 15:29:22,271 [1] INFO TaskDBRepository - Creating Task DB Repo
2023-04-05 15:29:22,276 [1] INFO TaskDBRepository - all tasks
2023-04-05 15:29:22,282 [1] INFO TaskDBRepository - all tasks
2023-04-05 15:29:22,284 [1] INFO TaskDBRepository - all tasks
2023-04-05 15:29:22,284 [1] INFO TaskDBRepository - all tasks
2023-04-05 15:29:22,285 [1] INFO TaskDBRepository - all tasks
2023-04-05 15:30:23,855 [1] INFO ParticipantsDBRepository - Creating Participants DB Repo
2023-04-05 15:30:23,865 [1] INFO ParticipantTasksDBRepository - Participant Tasks DB Repository
2023-04-05 15:30:23,867 [1] INFO TaskDBRepository - Creating Task DB Repo
2023-04-05 15:30:23,867 [1] INFO UserDBRepository - Creating User DB Repo
2023-04-05 15:30:30,752 [1] INFO UserDBRepository - checking to see if the requested user exists
2023-04-05 15:30:30,822 [1] INFO UserDBRepository - check if the user exists
2023-04-05 15:30:30,837 [1] INFO UserDBRepository - all users
2023-04-05 15:30:30,837 [1] INFO UserDBRepository - all users
2023-04-05 15:30:30,839 [1] INFO TaskDBRepository - Creating Task DB Repo
2023-04-05 15:30:30,845 [1] INFO TaskDBRepository - all tasks
2023-04-05 15:30:30,851 [1] INFO TaskDBRepository - all tasks
2023-04-05 15:30:30,853 [1] INFO TaskDBRepository - all tasks
2023-04-05 15:30:30,853 [1] INFO TaskDBRepository - all tasks
2023-04-05 15:30:30,854 [1] INFO TaskDBRepository - all tasks
2023-04-05 15:30:47,704 [1] INFO ParticipantsDBRepository - Creating Participants DB Repo
2023-04-05 15:30:47,715 [1] INFO ParticipantTasksDBRepository - Participant Tasks DB Repository
2023-04-05 15:30:47,717 [1] INFO TaskDBRepository - Creating Task DB Repo
2023-04-05 15:30:47,717 [1] INFO UserDBRepository - Creating User DB Repo
2023-04-05 15:30:51,561 [1] INFO UserDBRepository - checking to see if the requested user exists
2023-04-05 15:30:51,633 [1] INFO UserDBRepository - check if the user exists
2023-04-05 15:30:51,648 [1] INFO UserDBRepository - all users
2023-04-05 15:30:51,648 [1] INFO UserDBRepository - all users
2023-04-05 15:30:51,650 [1] INFO TaskDBRepository - Creating Task DB Repo
2023-04-05 15:30:51,655 [1] INFO TaskDBRepository - all tasks
2023-04-05 15:30:51,662 [1] INFO TaskDBRepository - all tasks
2023-04-05 15:30:51,664 [1] INFO TaskDBRepository - all tasks
2023-04-05 15:30:51,664 [1] INFO TaskDBRepository - all tasks
2023-04-05 15:30:51,664 [1] INFO TaskDBRepository - all tasks
2023-04-05 15:32:12,004 [1] INFO ParticipantsDBRepository - Creating Participants DB Repo
2023-04-05 15:32:12,017 [1] INFO ParticipantTasksDBRepository - Participant Tasks DB Repository
2023-04-05 15:32:12,020 [1] INFO TaskDBRepository - Creating Task DB Repo
2023-04-05 15:32:12,021 [1] INFO UserDBRepository - Creating User DB Repo
2023-04-05 15:32:14,972 [1] INFO UserDBRepository - checking to see if the requested user exists
2023-04-05 15:32:15,045 [1] INFO UserDBRepository - check if the user exists
2023-04-05 15:32:15,059 [1] INFO UserDBRepository - all users
2023-04-05 15:32:15,059 [1] INFO UserDBRepository - all users
2023-04-05 15:32:15,061 [1] INFO TaskDBRepository - Creating Task DB Repo
2023-04-05 15:32:15,067 [1] INFO TaskDBRepository - all tasks
2023-04-05 15:32:15,073 [1] INFO TaskDBRepository - all tasks
2023-04-05 15:32:15,076 [1] INFO TaskDBRepository - all tasks
2023-04-05 15:32:15,076 [1] INFO TaskDBRepository - all tasks
2023-04-05 15:32:15,076 [1] INFO TaskDBRepository - all tasks
2023-04-05 15:33:12,744 [1] INFO ParticipantsDBRepository - Creating Participants DB Repo
2023-04-05 15:33:12,754 [1] INFO ParticipantTasksDBRepository - Participant Tasks DB Repository
2023-04-05 15:33:12,756 [1] INFO TaskDBRepository - Creating Task DB Repo
2023-04-05 15:33:12,756 [1] INFO UserDBRepository - Creating User DB Repo
2023-04-05 15:33:21,419 [1] INFO UserDBRepository - checking to see if the requested user exists
2023-04-05 15:33:21,491 [1] INFO UserDBRepository - check if the user exists
2023-04-05 15:33:21,507 [1] INFO UserDBRepository - all users
2023-04-05 15:33:21,507 [1] INFO UserDBRepository - all users
2023-04-05 15:33:21,509 [1] INFO TaskDBRepository - Creating Task DB Repo
2023-04-05 15:33:21,515 [1] INFO TaskDBRepository - all tasks
2023-04-05 15:33:21,521 [1] INFO TaskDBRepository - all tasks
2023-04-05 15:33:21,524 [1] INFO TaskDBRepository - all tasks
2023-04-05 15:33:21,524 [1] INFO TaskDBRepository - all tasks
2023-04-05 15:33:21,524 [1] INFO TaskDBRepository - all tasks
2023-04-05 15:35:29,299 [1] INFO ParticipantsDBRepository - Creating Participants DB Repo
2023-04-05 15:35:29,307 [1] INFO ParticipantTasksDBRepository - Participant Tasks DB Repository
2023-04-05 15:35:29,308 [1] INFO TaskDBRepository - Creating Task DB Repo
2023-04-05 15:35:29,308 [1] INFO UserDBRepository - Creating User DB Repo
2023-04-05 15:35:35,746 [1] INFO UserDBRepository - checking to see if the requested user exists
2023-04-05 15:35:35,819 [1] INFO UserDBRepository - check if the user exists
2023-04-05 15:35:35,833 [1] INFO UserDBRepository - all users
2023-04-05 15:35:35,833 [1] INFO UserDBRepository - all users
2023-04-05 15:35:35,836 [1] INFO TaskDBRepository - Creating Task DB Repo
2023-04-05 15:35:35,841 [1] INFO TaskDBRepository - all tasks
2023-04-05 15:35:35,847 [1] INFO TaskDBRepository - all tasks
2023-04-05 15:35:35,849 [1] INFO TaskDBRepository - all tasks
2023-04-05 15:35:35,849 [1] INFO TaskDBRepository - all tasks
2023-04-05 15:35:35,850 [1] INFO TaskDBRepository - all tasks
2023-04-05 15:38:46,977 [1] INFO ParticipantsDBRepository - Creating Participants DB Repo
2023-04-05 15:38:46,989 [1] INFO ParticipantTasksDBRepository - Participant Tasks DB Repository
2023-04-05 15:38:46,991 [1] INFO TaskDBRepository - Creating Task DB Repo
2023-04-05 15:38:46,991 [1] INFO UserDBRepository - Creating User DB Repo
2023-04-05 15:38:51,117 [1] INFO UserDBRepository - checking to see if the requested user exists
2023-04-05 15:38:51,191 [1] INFO UserDBRepository - check if the user exists
2023-04-05 15:38:51,205 [1] INFO UserDBRepository - all users
2023-04-05 15:38:51,205 [1] INFO UserDBRepository - all users
2023-04-05 15:38:51,207 [1] INFO TaskDBRepository - Creating Task DB Repo
2023-04-05 15:38:51,213 [1] INFO TaskDBRepository - all tasks
2023-04-05 15:38:51,219 [1] INFO TaskDBRepository - all tasks
2023-04-05 15:38:51,221 [1] INFO TaskDBRepository - all tasks
2023-04-05 15:38:51,221 [1] INFO TaskDBRepository - all tasks
2023-04-05 15:38:51,221 [1] INFO TaskDBRepository - all tasks
2023-04-05 15:39:06,768 [1] INFO ParticipantsDBRepository - count(*) participants
2023-04-05 15:39:06,769 [1] INFO ParticipantsDBRepository - count(*) participants
2023-04-05 15:39:06,770 [1] INFO TaskDBRepository - count(*) tasks
2023-04-05 15:39:06,770 [1] INFO TaskDBRepository - count(*) tasks
2023-04-05 15:39:06,770 [1] INFO ParticipantTasksDBRepository - count(*) participantstasks
2023-04-05 15:39:06,772 [1] INFO ParticipantsDBRepository - saving participant contest_csharp.domain.Participant
2023-04-05 15:39:06,831 [1] INFO TaskDBRepository - saving task contest_csharp.domain.Task
2023-04-05 15:39:06,835 [1] INFO TaskDBRepository - saving task contest_csharp.domain.Task
2023-04-05 15:39:06,839 [1] INFO ParticipantTasksDBRepository - saving task contest_csharp.domain.ParticipantTasks
2023-04-05 15:39:06,844 [1] INFO TaskDBRepository - all tasks
2023-04-05 15:39:19,068 [1] INFO ParticipantsDBRepository - Searching participants with a given age and type of task
2023-04-05 15:39:26,544 [1] INFO ParticipantsDBRepository - Searching participants with a given age and type of task
