22 Mar 2023 14:16:54,096 INFO  org.example.repo.users.UserDBRepository 24 <init> - Initializing Repository with {}
22 Mar 2023 14:16:54,103 TRACE org.example.repo.users.UserDBRepository 100 save - Enter saving user User{username='andrei', password='iacob', id=0}
22 Mar 2023 14:16:54,103 TRACE org.example.utils.JDBCutils 48 getConnection - Enter
22 Mar 2023 14:16:54,103 TRACE org.example.utils.JDBCutils 25 getNewConnection - Enter
22 Mar 2023 14:16:54,103 INFO  org.example.utils.JDBCutils 30 getNewConnection - trying to connect to database ... null
22 Mar 2023 14:16:54,104 INFO  org.example.utils.JDBCutils 31 getNewConnection - user: null
22 Mar 2023 14:16:54,104 INFO  org.example.utils.JDBCutils 32 getNewConnection - pass: null
22 Mar 2023 14:16:54,106 ERROR org.example.utils.JDBCutils 41 getNewConnection - java.sql.SQLException: The url cannot be null
22 Mar 2023 14:16:54,106 TRACE org.example.utils.JDBCutils 57 getConnection - Exit
22 Mar 2023 14:18:21,509 INFO  org.example.repo.users.UserDBRepository 24 <init> - Initializing Repository with {}
22 Mar 2023 14:18:21,516 TRACE org.example.repo.users.UserDBRepository 100 save - Enter saving user User{username='andrei', password='iacob', id=0}
22 Mar 2023 14:18:21,516 TRACE org.example.utils.JDBCutils 48 getConnection - Enter
22 Mar 2023 14:18:21,516 TRACE org.example.utils.JDBCutils 25 getNewConnection - Enter
22 Mar 2023 14:18:21,516 INFO  org.example.utils.JDBCutils 30 getNewConnection - trying to connect to database ... null
22 Mar 2023 14:18:21,517 INFO  org.example.utils.JDBCutils 31 getNewConnection - user: null
22 Mar 2023 14:18:21,517 INFO  org.example.utils.JDBCutils 32 getNewConnection - pass: null
22 Mar 2023 14:18:21,518 ERROR org.example.utils.JDBCutils 41 getNewConnection - java.sql.SQLException: The url cannot be null
22 Mar 2023 14:18:21,519 TRACE org.example.utils.JDBCutils 57 getConnection - Exit
22 Mar 2023 14:18:52,298 INFO  org.example.repo.users.UserDBRepository 24 <init> - Initializing Repository with {}
22 Mar 2023 14:18:52,305 TRACE org.example.repo.users.UserDBRepository 100 save - Enter saving user User{username='andrei', password='iacob', id=0}
22 Mar 2023 14:18:52,305 TRACE org.example.utils.JDBCutils 48 getConnection - Enter
22 Mar 2023 14:18:52,306 TRACE org.example.utils.JDBCutils 25 getNewConnection - Enter
22 Mar 2023 14:18:52,306 INFO  org.example.utils.JDBCutils 30 getNewConnection - trying to connect to database ... null
22 Mar 2023 14:18:52,306 INFO  org.example.utils.JDBCutils 31 getNewConnection - user: null
22 Mar 2023 14:18:52,306 INFO  org.example.utils.JDBCutils 32 getNewConnection - pass: null
22 Mar 2023 14:18:52,308 ERROR org.example.utils.JDBCutils 41 getNewConnection - java.sql.SQLException: The url cannot be null
22 Mar 2023 14:18:52,308 TRACE org.example.utils.JDBCutils 57 getConnection - Exit
22 Mar 2023 14:19:23,615 INFO  org.example.repo.users.UserDBRepository 24 <init> - Initializing Repository with {}
22 Mar 2023 14:19:23,622 TRACE org.example.repo.users.UserDBRepository 100 save - Enter saving user User{username='andrei', password='iacob', id=0}
22 Mar 2023 14:19:23,623 TRACE org.example.utils.JDBCutils 48 getConnection - Enter
22 Mar 2023 14:19:23,623 TRACE org.example.utils.JDBCutils 25 getNewConnection - Enter
22 Mar 2023 14:19:23,623 INFO  org.example.utils.JDBCutils 30 getNewConnection - trying to connect to database ... null
22 Mar 2023 14:19:23,623 INFO  org.example.utils.JDBCutils 31 getNewConnection - user: null
22 Mar 2023 14:19:23,624 INFO  org.example.utils.JDBCutils 32 getNewConnection - pass: null
22 Mar 2023 14:19:23,625 ERROR org.example.utils.JDBCutils 41 getNewConnection - java.sql.SQLException: The url cannot be null
22 Mar 2023 14:19:23,626 TRACE org.example.utils.JDBCutils 57 getConnection - Exit
22 Mar 2023 14:19:28,689 INFO  org.example.repo.users.UserDBRepository 24 <init> - Initializing Repository with {}
22 Mar 2023 14:19:28,695 TRACE org.example.repo.users.UserDBRepository 100 save - Enter saving user User{username='andrei', password='iacob', id=0}
22 Mar 2023 14:19:28,695 TRACE org.example.utils.JDBCutils 48 getConnection - Enter
22 Mar 2023 14:19:28,695 TRACE org.example.utils.JDBCutils 25 getNewConnection - Enter
22 Mar 2023 14:19:28,696 INFO  org.example.utils.JDBCutils 30 getNewConnection - trying to connect to database ... null
22 Mar 2023 14:19:28,696 INFO  org.example.utils.JDBCutils 31 getNewConnection - user: null
22 Mar 2023 14:19:28,696 INFO  org.example.utils.JDBCutils 32 getNewConnection - pass: null
22 Mar 2023 14:19:28,697 ERROR org.example.utils.JDBCutils 41 getNewConnection - java.sql.SQLException: The url cannot be null
22 Mar 2023 14:19:28,698 TRACE org.example.utils.JDBCutils 57 getConnection - Exit
22 Mar 2023 14:20:30,550 INFO  org.example.repo.users.UserDBRepository 24 <init> - Initializing Repository with {jdbc.url=jdbc:sqlite:contest_java/contest.db}
22 Mar 2023 14:20:30,557 TRACE org.example.repo.users.UserDBRepository 100 save - Enter saving user User{username='andrei', password='iacob', id=0}
22 Mar 2023 14:20:30,557 TRACE org.example.utils.JDBCutils 48 getConnection - Enter
22 Mar 2023 14:20:30,557 TRACE org.example.utils.JDBCutils 25 getNewConnection - Enter
22 Mar 2023 14:20:30,557 INFO  org.example.utils.JDBCutils 30 getNewConnection - trying to connect to database ... jdbc:sqlite:contest_java/contest.db
22 Mar 2023 14:20:30,557 INFO  org.example.utils.JDBCutils 31 getNewConnection - user: null
22 Mar 2023 14:20:30,558 INFO  org.example.utils.JDBCutils 32 getNewConnection - pass: null
22 Mar 2023 14:20:30,730 TRACE org.example.utils.JDBCutils 57 getConnection - Exit with(org.sqlite.jdbc4.JDBC4Connection@126253fd)
22 Mar 2023 14:20:30,735 TRACE org.example.repo.users.UserDBRepository 109 save - Saved 1
22 Mar 2023 14:21:04,658 INFO  org.example.repo.users.UserDBRepository 24 <init> - Initializing Repository with {jdbc.url=jdbc:sqlite:contest_java/contest.db}
22 Mar 2023 14:21:04,665 TRACE org.example.repo.users.UserDBRepository 100 save - Enter saving user User{username='andrei', password='iacob', id=0}
22 Mar 2023 14:21:04,665 TRACE org.example.utils.JDBCutils 48 getConnection - Enter
22 Mar 2023 14:21:04,665 TRACE org.example.utils.JDBCutils 25 getNewConnection - Enter
22 Mar 2023 14:21:04,665 INFO  org.example.utils.JDBCutils 30 getNewConnection - trying to connect to database ... jdbc:sqlite:contest_java/contest.db
22 Mar 2023 14:21:04,665 INFO  org.example.utils.JDBCutils 31 getNewConnection - user: null
22 Mar 2023 14:21:04,666 INFO  org.example.utils.JDBCutils 32 getNewConnection - pass: null
22 Mar 2023 14:21:04,781 TRACE org.example.utils.JDBCutils 57 getConnection - Exit with(org.sqlite.jdbc4.JDBC4Connection@126253fd)
22 Mar 2023 14:21:04,786 TRACE org.example.repo.users.UserDBRepository 109 save - Saved 1
22 Mar 2023 14:21:04,786 TRACE org.example.repo.users.UserDBRepository 100 save - Enter saving user User{username='gordon', password='freeman', id=0}
22 Mar 2023 14:21:04,786 TRACE org.example.utils.JDBCutils 48 getConnection - Enter
22 Mar 2023 14:21:04,786 TRACE org.example.utils.JDBCutils 57 getConnection - Exit with(org.sqlite.jdbc4.JDBC4Connection@126253fd)
22 Mar 2023 14:21:04,790 TRACE org.example.repo.users.UserDBRepository 109 save - Saved 1
22 Mar 2023 14:21:52,843 INFO  org.example.repo.users.UserDBRepository 24 <init> - Initializing Repository with {jdbc.url=jdbc:sqlite:contest_java/contest.db}
22 Mar 2023 14:21:52,850 TRACE org.example.repo.users.UserDBRepository 100 save - Enter saving user User{username='barney', password='calhoun', id=0}
22 Mar 2023 14:21:52,850 TRACE org.example.utils.JDBCutils 48 getConnection - Enter
22 Mar 2023 14:21:52,851 TRACE org.example.utils.JDBCutils 25 getNewConnection - Enter
22 Mar 2023 14:21:52,851 INFO  org.example.utils.JDBCutils 30 getNewConnection - trying to connect to database ... jdbc:sqlite:contest_java/contest.db
22 Mar 2023 14:21:52,851 INFO  org.example.utils.JDBCutils 31 getNewConnection - user: null
22 Mar 2023 14:21:52,851 INFO  org.example.utils.JDBCutils 32 getNewConnection - pass: null
22 Mar 2023 14:21:52,973 TRACE org.example.utils.JDBCutils 57 getConnection - Exit with(org.sqlite.jdbc4.JDBC4Connection@126253fd)
22 Mar 2023 14:21:52,977 TRACE org.example.repo.users.UserDBRepository 109 save - Saved 1
22 Mar 2023 14:22:16,303 INFO  org.example.repo.users.UserDBRepository 24 <init> - Initializing Repository with {jdbc.url=jdbc:sqlite:contest_java/contest.db}
22 Mar 2023 14:22:16,310 TRACE org.example.repo.users.UserDBRepository 58 delete - Enter deleting user User{username='barney', password='calhoun', id=0}
22 Mar 2023 14:22:16,310 TRACE org.example.utils.JDBCutils 48 getConnection - Enter
22 Mar 2023 14:22:16,310 TRACE org.example.utils.JDBCutils 25 getNewConnection - Enter
22 Mar 2023 14:22:16,310 INFO  org.example.utils.JDBCutils 30 getNewConnection - trying to connect to database ... jdbc:sqlite:contest_java/contest.db
22 Mar 2023 14:22:16,310 INFO  org.example.utils.JDBCutils 31 getNewConnection - user: null
22 Mar 2023 14:22:16,311 INFO  org.example.utils.JDBCutils 32 getNewConnection - pass: null
22 Mar 2023 14:22:16,428 TRACE org.example.utils.JDBCutils 57 getConnection - Exit with(org.sqlite.jdbc4.JDBC4Connection@126253fd)
22 Mar 2023 14:22:16,430 TRACE org.example.repo.users.UserDBRepository 66 delete - Exit: deleted User{username='barney', password='calhoun', id=0}
22 Mar 2023 14:23:30,309 INFO  org.example.repo.users.UserDBRepository 24 <init> - Initializing Repository with {jdbc.url=jdbc:sqlite:contest_java/contest.db}
22 Mar 2023 14:23:30,315 TRACE org.example.repo.users.UserDBRepository 58 delete - Enter deleting user User{username='barney', password='calhoun', id=0}
22 Mar 2023 14:23:30,315 TRACE org.example.utils.JDBCutils 48 getConnection - Enter
22 Mar 2023 14:23:30,316 TRACE org.example.utils.JDBCutils 25 getNewConnection - Enter
22 Mar 2023 14:23:30,316 INFO  org.example.utils.JDBCutils 30 getNewConnection - trying to connect to database ... jdbc:sqlite:contest_java/contest.db
22 Mar 2023 14:23:30,316 INFO  org.example.utils.JDBCutils 31 getNewConnection - user: null
22 Mar 2023 14:23:30,316 INFO  org.example.utils.JDBCutils 32 getNewConnection - pass: null
22 Mar 2023 14:23:30,436 TRACE org.example.utils.JDBCutils 57 getConnection - Exit with(org.sqlite.jdbc4.JDBC4Connection@126253fd)
22 Mar 2023 14:23:30,438 TRACE org.example.repo.users.UserDBRepository 66 delete - Exit: deleted User{username='barney', password='calhoun', id=0}
22 Mar 2023 14:24:00,824 INFO  org.example.repo.users.UserDBRepository 24 <init> - Initializing Repository with {jdbc.url=jdbc:sqlite:contest_java/contest.db}
22 Mar 2023 14:24:00,830 TRACE org.example.repo.users.UserDBRepository 58 delete - Enter deleting user User{username='barney', password='calhoun', id=0}
22 Mar 2023 14:24:00,831 TRACE org.example.utils.JDBCutils 48 getConnection - Enter
22 Mar 2023 14:24:00,831 TRACE org.example.utils.JDBCutils 25 getNewConnection - Enter
22 Mar 2023 14:24:00,831 INFO  org.example.utils.JDBCutils 30 getNewConnection - trying to connect to database ... jdbc:sqlite:contest_java/contest.db
22 Mar 2023 14:24:00,831 INFO  org.example.utils.JDBCutils 31 getNewConnection - user: null
22 Mar 2023 14:24:00,832 INFO  org.example.utils.JDBCutils 32 getNewConnection - pass: null
22 Mar 2023 14:24:00,947 TRACE org.example.utils.JDBCutils 57 getConnection - Exit with(org.sqlite.jdbc4.JDBC4Connection@126253fd)
22 Mar 2023 14:24:00,949 TRACE org.example.repo.users.UserDBRepository 66 delete - Exit: deleted User{username='barney', password='calhoun', id=0}
22 Mar 2023 14:25:48,156 INFO  org.example.repo.users.UserDBRepository 24 <init> - Initializing Repository with {jdbc.url=jdbc:sqlite:contest_java/contest.db}
22 Mar 2023 14:25:48,163 TRACE org.example.repo.users.UserDBRepository 58 delete - Enter deleting user User{username='barney', password='calhoun', id=0}
22 Mar 2023 14:25:48,163 TRACE org.example.utils.JDBCutils 48 getConnection - Enter
22 Mar 2023 14:25:48,163 TRACE org.example.utils.JDBCutils 25 getNewConnection - Enter
22 Mar 2023 14:25:48,164 INFO  org.example.utils.JDBCutils 30 getNewConnection - trying to connect to database ... jdbc:sqlite:contest_java/contest.db
22 Mar 2023 14:25:48,164 INFO  org.example.utils.JDBCutils 31 getNewConnection - user: null
22 Mar 2023 14:25:48,164 INFO  org.example.utils.JDBCutils 32 getNewConnection - pass: null
22 Mar 2023 14:25:48,290 TRACE org.example.utils.JDBCutils 57 getConnection - Exit with(org.sqlite.jdbc4.JDBC4Connection@126253fd)
22 Mar 2023 14:25:48,293 TRACE org.example.repo.users.UserDBRepository 66 delete - Exit: deleted User{username='barney', password='calhoun', id=0}
22 Mar 2023 14:26:45,311 INFO  org.example.repo.users.UserDBRepository 24 <init> - Initializing Repository with {jdbc.url=jdbc:sqlite:contest_java/contest.db}
22 Mar 2023 14:26:45,317 TRACE org.example.repo.users.UserDBRepository 100 save - Enter saving user User{username='barney', password='calhoun', id=0}
22 Mar 2023 14:26:45,318 TRACE org.example.utils.JDBCutils 48 getConnection - Enter
22 Mar 2023 14:26:45,318 TRACE org.example.utils.JDBCutils 25 getNewConnection - Enter
22 Mar 2023 14:26:45,318 INFO  org.example.utils.JDBCutils 30 getNewConnection - trying to connect to database ... jdbc:sqlite:contest_java/contest.db
22 Mar 2023 14:26:45,318 INFO  org.example.utils.JDBCutils 31 getNewConnection - user: null
22 Mar 2023 14:26:45,319 INFO  org.example.utils.JDBCutils 32 getNewConnection - pass: null
22 Mar 2023 14:26:45,434 TRACE org.example.utils.JDBCutils 57 getConnection - Exit with(org.sqlite.jdbc4.JDBC4Connection@126253fd)
22 Mar 2023 14:26:45,440 TRACE org.example.repo.users.UserDBRepository 109 save - Saved 1
22 Mar 2023 14:26:45,441 TRACE org.example.repo.users.UserDBRepository 58 delete - Enter deleting user User{username='barney', password='calhoun', id=0}
22 Mar 2023 14:26:45,441 TRACE org.example.utils.JDBCutils 48 getConnection - Enter
22 Mar 2023 14:26:45,441 TRACE org.example.utils.JDBCutils 57 getConnection - Exit with(org.sqlite.jdbc4.JDBC4Connection@126253fd)
22 Mar 2023 14:26:45,441 TRACE org.example.repo.users.UserDBRepository 66 delete - Exit: deleted User{username='barney', password='calhoun', id=0}
22 Mar 2023 14:30:49,209 INFO  org.example.repo.users.UserDBRepository 24 <init> - Initializing Repository with {jdbc.url=jdbc:sqlite:contest_java/contest.db}
22 Mar 2023 14:30:49,215 TRACE org.example.repo.users.UserDBRepository 100 save - Enter saving user User{username='barney', password='calhoun', id=0}
22 Mar 2023 14:30:49,216 TRACE org.example.utils.JDBCutils 48 getConnection - Enter
22 Mar 2023 14:30:49,216 TRACE org.example.utils.JDBCutils 25 getNewConnection - Enter
22 Mar 2023 14:30:49,216 INFO  org.example.utils.JDBCutils 30 getNewConnection - trying to connect to database ... jdbc:sqlite:contest_java/contest.db
22 Mar 2023 14:30:49,216 INFO  org.example.utils.JDBCutils 31 getNewConnection - user: null
22 Mar 2023 14:30:49,216 INFO  org.example.utils.JDBCutils 32 getNewConnection - pass: null
22 Mar 2023 14:30:49,328 TRACE org.example.utils.JDBCutils 57 getConnection - Exit with(org.sqlite.jdbc4.JDBC4Connection@126253fd)
22 Mar 2023 14:30:49,330 TRACE org.example.repo.users.UserDBRepository 122 size - Enter counting users
22 Mar 2023 14:30:49,331 TRACE org.example.utils.JDBCutils 48 getConnection - Enter
22 Mar 2023 14:30:49,331 TRACE org.example.utils.JDBCutils 57 getConnection - Exit with(org.sqlite.jdbc4.JDBC4Connection@126253fd)
22 Mar 2023 14:30:49,331 TRACE org.example.repo.users.UserDBRepository 130 size - Exit with(5)
22 Mar 2023 14:30:49,335 TRACE org.example.repo.users.UserDBRepository 110 save - Saved 1
22 Mar 2023 14:31:03,610 INFO  org.example.repo.users.UserDBRepository 24 <init> - Initializing Repository with {jdbc.url=jdbc:sqlite:contest_java/contest.db}
22 Mar 2023 14:31:03,617 TRACE org.example.repo.users.UserDBRepository 100 save - Enter saving user User{username='barney', password='calhoun', id=0}
22 Mar 2023 14:31:03,617 TRACE org.example.utils.JDBCutils 48 getConnection - Enter
22 Mar 2023 14:31:03,617 TRACE org.example.utils.JDBCutils 25 getNewConnection - Enter
22 Mar 2023 14:31:03,617 INFO  org.example.utils.JDBCutils 30 getNewConnection - trying to connect to database ... jdbc:sqlite:contest_java/contest.db
22 Mar 2023 14:31:03,618 INFO  org.example.utils.JDBCutils 31 getNewConnection - user: null
22 Mar 2023 14:31:03,618 INFO  org.example.utils.JDBCutils 32 getNewConnection - pass: null
22 Mar 2023 14:31:03,736 TRACE org.example.utils.JDBCutils 57 getConnection - Exit with(org.sqlite.jdbc4.JDBC4Connection@126253fd)
22 Mar 2023 14:31:03,738 TRACE org.example.repo.users.UserDBRepository 122 size - Enter counting users
22 Mar 2023 14:31:03,738 TRACE org.example.utils.JDBCutils 48 getConnection - Enter
22 Mar 2023 14:31:03,738 TRACE org.example.utils.JDBCutils 57 getConnection - Exit with(org.sqlite.jdbc4.JDBC4Connection@126253fd)
22 Mar 2023 14:31:03,738 TRACE org.example.repo.users.UserDBRepository 130 size - Exit with(6)
22 Mar 2023 14:31:03,741 TRACE org.example.repo.users.UserDBRepository 110 save - Saved 1
22 Mar 2023 14:31:15,675 INFO  org.example.repo.users.UserDBRepository 24 <init> - Initializing Repository with {jdbc.url=jdbc:sqlite:contest_java/contest.db}
22 Mar 2023 14:31:15,681 TRACE org.example.repo.users.UserDBRepository 100 save - Enter saving user User{username='barney', password='calhoun', id=0}
22 Mar 2023 14:31:15,682 TRACE org.example.utils.JDBCutils 48 getConnection - Enter
22 Mar 2023 14:31:15,682 TRACE org.example.utils.JDBCutils 25 getNewConnection - Enter
22 Mar 2023 14:31:15,682 INFO  org.example.utils.JDBCutils 30 getNewConnection - trying to connect to database ... jdbc:sqlite:contest_java/contest.db
22 Mar 2023 14:31:15,682 INFO  org.example.utils.JDBCutils 31 getNewConnection - user: null
22 Mar 2023 14:31:15,682 INFO  org.example.utils.JDBCutils 32 getNewConnection - pass: null
22 Mar 2023 14:31:15,799 TRACE org.example.utils.JDBCutils 57 getConnection - Exit with(org.sqlite.jdbc4.JDBC4Connection@126253fd)
22 Mar 2023 14:31:15,801 TRACE org.example.repo.users.UserDBRepository 122 size - Enter counting users
22 Mar 2023 14:31:15,802 TRACE org.example.utils.JDBCutils 48 getConnection - Enter
22 Mar 2023 14:31:15,802 TRACE org.example.utils.JDBCutils 57 getConnection - Exit with(org.sqlite.jdbc4.JDBC4Connection@126253fd)
22 Mar 2023 14:31:15,802 TRACE org.example.repo.users.UserDBRepository 130 size - Exit with(7)
22 Mar 2023 14:31:15,807 TRACE org.example.repo.users.UserDBRepository 110 save - Saved 1
22 Mar 2023 14:31:15,808 TRACE org.example.repo.users.UserDBRepository 58 delete - Enter deleting user User{username='barney', password='calhoun', id=0}
22 Mar 2023 14:31:15,808 TRACE org.example.utils.JDBCutils 48 getConnection - Enter
22 Mar 2023 14:31:15,808 TRACE org.example.utils.JDBCutils 57 getConnection - Exit with(org.sqlite.jdbc4.JDBC4Connection@126253fd)
22 Mar 2023 14:31:15,809 TRACE org.example.repo.users.UserDBRepository 66 delete - Exit: deleted User{username='barney', password='calhoun', id=0}
22 Mar 2023 14:35:21,875 INFO  org.example.repo.users.UserDBRepository 24 <init> - Initializing Repository with {jdbc.url=jdbc:sqlite:contest_java/contest.db}
22 Mar 2023 14:35:21,881 TRACE org.example.repo.users.UserDBRepository 100 save - Enter saving user User{username='barney', password='calhoun', id=0}
22 Mar 2023 14:35:21,881 TRACE org.example.utils.JDBCutils 48 getConnection - Enter
22 Mar 2023 14:35:21,881 TRACE org.example.utils.JDBCutils 25 getNewConnection - Enter
22 Mar 2023 14:35:21,882 INFO  org.example.utils.JDBCutils 30 getNewConnection - trying to connect to database ... jdbc:sqlite:contest_java/contest.db
22 Mar 2023 14:35:21,882 INFO  org.example.utils.JDBCutils 31 getNewConnection - user: null
22 Mar 2023 14:35:21,882 INFO  org.example.utils.JDBCutils 32 getNewConnection - pass: null
22 Mar 2023 14:35:22,005 TRACE org.example.utils.JDBCutils 57 getConnection - Exit with(org.sqlite.jdbc4.JDBC4Connection@126253fd)
22 Mar 2023 14:35:22,007 TRACE org.example.repo.users.UserDBRepository 122 size - Enter counting users
22 Mar 2023 14:35:22,008 TRACE org.example.utils.JDBCutils 48 getConnection - Enter
22 Mar 2023 14:35:22,008 TRACE org.example.utils.JDBCutils 57 getConnection - Exit with(org.sqlite.jdbc4.JDBC4Connection@126253fd)
22 Mar 2023 14:35:22,009 TRACE org.example.repo.users.UserDBRepository 130 size - Exit with(8)
22 Mar 2023 14:35:22,011 TRACE org.example.repo.users.UserDBRepository 110 save - Saved 1
22 Mar 2023 14:35:22,012 TRACE org.example.repo.users.UserDBRepository 122 size - Enter counting users
22 Mar 2023 14:35:22,012 TRACE org.example.utils.JDBCutils 48 getConnection - Enter
22 Mar 2023 14:35:22,012 TRACE org.example.utils.JDBCutils 57 getConnection - Exit with(org.sqlite.jdbc4.JDBC4Connection@126253fd)
22 Mar 2023 14:35:22,012 TRACE org.example.repo.users.UserDBRepository 130 size - Exit with(9)
22 Mar 2023 14:41:31,323 INFO  org.example.repo.users.UserDBRepository 24 <init> - Initializing Repository with {jdbc.url=jdbc:sqlite:contest_java/contest.db}
22 Mar 2023 14:41:31,329 TRACE org.example.repo.users.UserDBRepository 100 save - Enter saving user User{username='barney', password='calhoun', id=0}
22 Mar 2023 14:41:31,330 TRACE org.example.utils.JDBCutils 48 getConnection - Enter
22 Mar 2023 14:41:31,330 TRACE org.example.utils.JDBCutils 25 getNewConnection - Enter
22 Mar 2023 14:41:31,330 INFO  org.example.utils.JDBCutils 30 getNewConnection - trying to connect to database ... jdbc:sqlite:contest_java/contest.db
22 Mar 2023 14:41:31,330 INFO  org.example.utils.JDBCutils 31 getNewConnection - user: null
22 Mar 2023 14:41:31,330 INFO  org.example.utils.JDBCutils 32 getNewConnection - pass: null
22 Mar 2023 14:41:31,447 TRACE org.example.utils.JDBCutils 57 getConnection - Exit with(org.sqlite.jdbc4.JDBC4Connection@126253fd)
22 Mar 2023 14:41:31,449 TRACE org.example.repo.users.UserDBRepository 123 size - Enter counting users
22 Mar 2023 14:41:31,449 TRACE org.example.utils.JDBCutils 48 getConnection - Enter
22 Mar 2023 14:41:31,449 TRACE org.example.utils.JDBCutils 57 getConnection - Exit with(org.sqlite.jdbc4.JDBC4Connection@126253fd)
22 Mar 2023 14:41:31,450 TRACE org.example.repo.users.UserDBRepository 131 size - Exit with(9)
22 Mar 2023 14:41:31,454 TRACE org.example.repo.users.UserDBRepository 111 save - Saved 1
22 Mar 2023 14:43:23,497 INFO  org.example.repo.users.UserDBRepository 24 <init> - Initializing Repository with {jdbc.url=jdbc:sqlite:contest_java/contest.db}
22 Mar 2023 14:43:23,503 TRACE org.example.repo.users.UserDBRepository 100 save - Enter saving user User{username='barney', password='calhoun', id=0}
22 Mar 2023 14:43:23,503 TRACE org.example.utils.JDBCutils 48 getConnection - Enter
22 Mar 2023 14:43:23,503 TRACE org.example.utils.JDBCutils 25 getNewConnection - Enter
22 Mar 2023 14:43:23,503 INFO  org.example.utils.JDBCutils 30 getNewConnection - trying to connect to database ... jdbc:sqlite:contest_java/contest.db
22 Mar 2023 14:43:23,504 INFO  org.example.utils.JDBCutils 31 getNewConnection - user: null
22 Mar 2023 14:43:23,504 INFO  org.example.utils.JDBCutils 32 getNewConnection - pass: null
22 Mar 2023 14:43:23,629 TRACE org.example.utils.JDBCutils 57 getConnection - Exit with(org.sqlite.jdbc4.JDBC4Connection@126253fd)
22 Mar 2023 14:43:23,634 TRACE org.example.repo.users.UserDBRepository 110 save - Saved 1
22 Mar 2023 14:43:23,634 TRACE org.example.repo.users.UserDBRepository 100 save - Enter saving user User{username='andrei', password='iacob', id=0}
22 Mar 2023 14:43:23,634 TRACE org.example.utils.JDBCutils 48 getConnection - Enter
22 Mar 2023 14:43:23,634 TRACE org.example.utils.JDBCutils 57 getConnection - Exit with(org.sqlite.jdbc4.JDBC4Connection@126253fd)
22 Mar 2023 14:43:23,636 ERROR org.example.repo.users.UserDBRepository 112 save - org.sqlite.SQLiteException: [SQLITE_CONSTRAINT_PRIMARYKEY]  A PRIMARY KEY constraint failed (UNIQUE constraint failed: users.userid)
22 Mar 2023 14:46:59,529 INFO  org.example.repo.users.UserDBRepository 24 <init> - Initializing Repository with {jdbc.url=jdbc:sqlite:contest_java/contest.db}
22 Mar 2023 14:46:59,535 TRACE org.example.repo.users.UserDBRepository 100 save - Enter saving user User{username='barney', password='calhoun', id=1}
22 Mar 2023 14:46:59,536 TRACE org.example.utils.JDBCutils 48 getConnection - Enter
22 Mar 2023 14:46:59,536 TRACE org.example.utils.JDBCutils 25 getNewConnection - Enter
22 Mar 2023 14:46:59,536 INFO  org.example.utils.JDBCutils 30 getNewConnection - trying to connect to database ... jdbc:sqlite:contest_java/contest.db
22 Mar 2023 14:46:59,537 INFO  org.example.utils.JDBCutils 31 getNewConnection - user: null
22 Mar 2023 14:46:59,537 INFO  org.example.utils.JDBCutils 32 getNewConnection - pass: null
22 Mar 2023 14:46:59,670 TRACE org.example.utils.JDBCutils 57 getConnection - Exit with(org.sqlite.jdbc4.JDBC4Connection@126253fd)
22 Mar 2023 14:46:59,675 TRACE org.example.repo.users.UserDBRepository 110 save - Saved 1
22 Mar 2023 14:46:59,676 TRACE org.example.repo.users.UserDBRepository 100 save - Enter saving user User{username='andrei', password='iacob', id=2}
22 Mar 2023 14:46:59,676 TRACE org.example.utils.JDBCutils 48 getConnection - Enter
22 Mar 2023 14:46:59,676 TRACE org.example.utils.JDBCutils 57 getConnection - Exit with(org.sqlite.jdbc4.JDBC4Connection@126253fd)
22 Mar 2023 14:46:59,680 TRACE org.example.repo.users.UserDBRepository 110 save - Saved 1
22 Mar 2023 14:46:59,680 TRACE org.example.repo.users.UserDBRepository 100 save - Enter saving user User{username='gordon', password='freeman', id=3}
22 Mar 2023 14:46:59,680 TRACE org.example.utils.JDBCutils 48 getConnection - Enter
22 Mar 2023 14:46:59,680 TRACE org.example.utils.JDBCutils 57 getConnection - Exit with(org.sqlite.jdbc4.JDBC4Connection@126253fd)
22 Mar 2023 14:46:59,683 TRACE org.example.repo.users.UserDBRepository 110 save - Saved 1
22 Mar 2023 14:47:35,055 INFO  org.example.repo.users.UserDBRepository 24 <init> - Initializing Repository with {jdbc.url=jdbc:sqlite:contest_java/contest.db}
22 Mar 2023 14:47:41,455 INFO  org.example.repo.users.UserDBRepository 24 <init> - Initializing Repository with {jdbc.url=jdbc:sqlite:contest_java/contest.db}
22 Mar 2023 14:47:41,462 TRACE org.example.repo.users.UserDBRepository 58 delete - Enter deleting user User{username='barney', password='calhoun', id=1}
22 Mar 2023 14:47:41,462 TRACE org.example.utils.JDBCutils 48 getConnection - Enter
22 Mar 2023 14:47:41,462 TRACE org.example.utils.JDBCutils 25 getNewConnection - Enter
22 Mar 2023 14:47:41,462 INFO  org.example.utils.JDBCutils 30 getNewConnection - trying to connect to database ... jdbc:sqlite:contest_java/contest.db
22 Mar 2023 14:47:41,462 INFO  org.example.utils.JDBCutils 31 getNewConnection - user: null
22 Mar 2023 14:47:41,463 INFO  org.example.utils.JDBCutils 32 getNewConnection - pass: null
22 Mar 2023 14:47:41,576 TRACE org.example.utils.JDBCutils 57 getConnection - Exit with(org.sqlite.jdbc4.JDBC4Connection@126253fd)
22 Mar 2023 14:47:41,581 TRACE org.example.repo.users.UserDBRepository 66 delete - Exit: deleted User{username='barney', password='calhoun', id=1}
22 Mar 2023 15:28:27,698 INFO  org.example.repo.users.UserDBRepository 24 <init> - Initializing Repository with {jdbc.url=jdbc:sqlite:contest_java/contest.db}
22 Mar 2023 15:28:27,705 TRACE org.example.repo.users.UserDBRepository 100 save - Enter saving user User{username='barney', password='calhoun', id=1}
22 Mar 2023 15:28:27,705 TRACE org.example.utils.JDBCutils 48 getConnection - Enter
22 Mar 2023 15:28:27,705 TRACE org.example.utils.JDBCutils 25 getNewConnection - Enter
22 Mar 2023 15:28:27,705 INFO  org.example.utils.JDBCutils 30 getNewConnection - trying to connect to database ... jdbc:sqlite:contest_java/contest.db
22 Mar 2023 15:28:27,705 INFO  org.example.utils.JDBCutils 31 getNewConnection - user: null
22 Mar 2023 15:28:27,706 INFO  org.example.utils.JDBCutils 32 getNewConnection - pass: null
22 Mar 2023 15:28:27,820 TRACE org.example.utils.JDBCutils 57 getConnection - Exit with(org.sqlite.jdbc4.JDBC4Connection@126253fd)
22 Mar 2023 15:28:27,826 TRACE org.example.repo.users.UserDBRepository 110 save - Saved 1
22 Mar 2023 15:28:27,826 TRACE org.example.repo.users.UserDBRepository 58 delete - Enter deleting user User{username='barney', password='calhoun', id=1}
22 Mar 2023 15:28:27,826 TRACE org.example.utils.JDBCutils 48 getConnection - Enter
22 Mar 2023 15:28:27,827 TRACE org.example.utils.JDBCutils 57 getConnection - Exit with(org.sqlite.jdbc4.JDBC4Connection@126253fd)
22 Mar 2023 15:28:27,830 TRACE org.example.repo.users.UserDBRepository 66 delete - Exit: deleted User{username='barney', password='calhoun', id=1}
22 Mar 2023 15:28:51,318 INFO  org.example.repo.users.UserDBRepository 24 <init> - Initializing Repository with {jdbc.url=jdbc:sqlite:contest_java/contest.db}
22 Mar 2023 15:28:51,325 TRACE org.example.repo.users.UserDBRepository 100 save - Enter saving user User{username='barney', password='calhoun', id=1}
22 Mar 2023 15:28:51,325 TRACE org.example.utils.JDBCutils 48 getConnection - Enter
22 Mar 2023 15:28:51,325 TRACE org.example.utils.JDBCutils 25 getNewConnection - Enter
22 Mar 2023 15:28:51,325 INFO  org.example.utils.JDBCutils 30 getNewConnection - trying to connect to database ... jdbc:sqlite:contest_java/contest.db
22 Mar 2023 15:28:51,326 INFO  org.example.utils.JDBCutils 31 getNewConnection - user: null
22 Mar 2023 15:28:51,326 INFO  org.example.utils.JDBCutils 32 getNewConnection - pass: null
22 Mar 2023 15:28:51,445 TRACE org.example.utils.JDBCutils 57 getConnection - Exit with(org.sqlite.jdbc4.JDBC4Connection@126253fd)
22 Mar 2023 15:28:51,450 TRACE org.example.repo.users.UserDBRepository 110 save - Saved 1
